<?xml version="1.0" encoding="UTF-8"?>
<!-- Generated by org.testng.reporters.JUnitXMLReporter -->
<testsuite ignored="0" hostname="MacBook-Pro-16-inch-2021.local" failures="0" tests="4" name="Default test" time="21.453" errors="0" timestamp="2023-10-04T00:28:16 GST">
  <testcase classname="amazonEcom.tests.ErrorValidation" name="CheckPrint" time="0.007"/>
  <testcase classname="amazonEcom.tests.ErrorValidation" name="UserError" time="1.413"/>
  <testcase classname="amazonEcom.tests.ErrorValidation" name="UserError" time="1.362"/>
  <testcase classname="amazonEcom.tests.ErrorValidation" name="UserError" time="1.609"/>
</testsuite> <!-- Default test -->
