<?xml version="1.0" encoding="UTF-8"?>
<!-- Generated by org.testng.reporters.JUnitXMLReporter -->
<testsuite ignored="1" hostname="MacBook-Pro-16-inch-2021.local" failures="0" tests="3" name="Negative Test" time="18.794" errors="0" timestamp="2023-10-04T20:11:16 GST">
  <testcase classname="amazonEcom.tests.ErrorValidation" name="UserError" time="1.881"/>
  <testcase classname="amazonEcom.tests.ErrorValidation" name="UserError" time="1.831"/>
  <testcase classname="amazonEcom.tests.ErrorValidation" name="UserError" time="2.035"/>
  <testcase classname="amazonEcom.tests.ErrorValidation" name="CheckPrint" time="0.0">
    <ignored/>
  </testcase> <!-- CheckPrint -->
</testsuite> <!-- Negative Test -->
